0
0
1
1
4
8
9
27
16
64
25
125
36
216
49
343
64
512
81
729
100
1000
121
1331
144
1728
169
2197
196
2744
225
3375
256
4096
289
4913
324
5832
361
6859
400
8000
441
9261
484
10648
529
12167
576
13824
625
15625
676
17576
729
19683
784
21952
841
24389
900
27000
961
29791
1024
32768
1089
35937
1156
39304
1225
42875
1296
46656
1369
50653
1444
54872
1521
59319
1600
64000
1681
68921
1764
74088
1849
79507
1936
85184
2025
91125
2116
97336
2209
103823
2304
110592
2401
117649
2500
125000
2601
132651
2704
140608
2809
148877
2916
157464
3025
166375
3136
175616
3249
185193
3364
195112
3481
205379
3600
216000
3721
226981
3844
238328
3969
250047
4096
262144
4225
274625
4356
287496
4489
300763
4624
314432
4761
328509
4900
343000
5041
357911
5184
373248
5329
389017
5476
405224
5625
421875
5776
438976
5929
456533
6084
474552
6241
493039
6400
512000
6561
531441
6724
551368
6889
571787
7056
592704
7225
614125
7396
636056
7569
658503
7744
681472
7921
704969
8100
729000
8281
753571
8464
778688
8649
804357
8836
830584
9025
857375
9216
884736
9409
912673
9604
941192
9801
970299
10000
1000000
10201
1030301
10404
1061208
10609
1092727
10816
1124864
11025
1157625
11236
1191016
11449
1225043
11664
1259712
11881
1295029
12100
1331000
12321
1367631
12544
1404928
12769
1442897
12996
1481544
13225
1520875
13456
1560896
13689
1601613
13924
1643032
14161
1685159
14400
1728000
14641
1771561
14884
1815848
15129
1860867
15376
1906624
15625
1953125
15876
2000376
16129
2048383
