0
1
2
3
4
6
8
10
12
15
18
21
24
28
32
36
40
45
50
55
60
66
72
78
84
91
98
105
112
120
128
136
144
153
162
171
180
190
200
210
220
231
242
253
264
276
288
300
312
325
338
351
364
378
392
406
420
435
450
465
480
496
512
528
544
561
578
595
612
630
648
666
684
703
722
741
760
780
800
820
840
861
882
903
924
946
968
990
1012
1035
1058
1081
1104
1128
1152
1176
1200
1225
1250
1275
1300
1326
1352
1378
1404
1431
1458
1485
1512
1540
1568
1596
1624
1653
1682
1711
1740
1770
1800
1830
1860
1891
1922
1953
1984
2016
2048
2080
