0
-1
-2
-3
-4
-5
-6
-7
1
-8
-9
-10
-11
-12
-13
-14
-15
1
-16
-17
-18
-19
-20
-21
-22
-23
1
-24
-25
-26
-27
-28
-29
-30
-31
1
-32
-33
-34
-35
-36
-37
-38
-39
1
-40
-41
-42
-43
-44
-45
-46
-47
1
-48
-49
-50
-51
-52
-53
-54
-55
1
-56
-57
-58
-59
-60
-61
-62
-63
1
-64
-65
-66
-67
-68
-69
-70
-71
1
-72
-73
-74
-75
-76
-77
-78
-79
1
-80
-81
-82
-83
-84
-85
-86
-87
1
-88
-89
-90
-91
-92
-93
-94
-95
1
-96
-97
-98
-99
-100
-101
-102
-103
1
-104
-105
-106
-107
-108
-109
-110
-111
1
-112
-113
-114
-115
-116
-117
-118
-119
1
-120
-121
-122
-123
-124
-125
-126
-127
1
2
